<?xml version="1.0" encoding="UTF-8" ?>
<testsuite errors="0" failures="0" hostname="kux-desktop" name="parsertest.ParserTest" tests="6" time="0.194" timestamp="2009-08-22T16:28:57">
  <properties>
    <property name="java.runtime.name" value="Java(TM) SE Runtime Environment" />
    <property name="sun.boot.library.path" value="/usr/lib/jvm/java-6-sun-1.6.0.14/jre/lib/i386" />
    <property name="eval.file" value="/home/kux/workspace/practice-java/functiondrawer/etc/Eval.g" />
    <property name="java.vm.version" value="14.0-b16" />
    <property name="ant.library.dir" value="/usr/share/ant/lib" />
    <property name="ant.version" value="Apache Ant version 1.7.1 compiled on November 10 2008" />
    <property name="ant.java.version" value="1.6" />
    <property name="java.vm.vendor" value="Sun Microsystems Inc." />
    <property name="java.vendor.url" value="http://java.sun.com/" />
    <property name="path.separator" value=":" />
    <property name="java.vm.name" value="Java HotSpot(TM) Client VM" />
    <property name="file.encoding.pkg" value="sun.io" />
    <property name="user.country" value="US" />
    <property name="sun.java.launcher" value="SUN_STANDARD" />
    <property name="sun.os.patch.level" value="unknown" />
    <property name="java.vm.specification.name" value="Java Virtual Machine Specification" />
    <property name="user.dir" value="/home/kux/workspace/practice-java/functiondrawer" />
    <property name="java.runtime.version" value="1.6.0_14-b08" />
    <property name="java.awt.graphicsenv" value="sun.awt.X11GraphicsEnvironment" />
    <property name="basedir" value="/home/kux/workspace/practice-java/functiondrawer" />
    <property name="ant.file.Function Drawer" value="/home/kux/workspace/practice-java/functiondrawer/build.xml" />
    <property name="java.endorsed.dirs" value="/usr/lib/jvm/java-6-sun-1.6.0.14/jre/lib/endorsed" />
    <property name="os.arch" value="i386" />
    <property name="java.io.tmpdir" value="/tmp" />
    <property name="ant.core.lib" value="/usr/share/ant/lib/ant.jar" />
    <property name="line.separator" value="
" />
    <property name="grammar.file" value="/home/kux/workspace/practice-java/functiondrawer/etc/Expr.g" />
    <property name="reports.tests" value="testresult" />
    <property name="java.vm.specification.vendor" value="Sun Microsystems Inc." />
    <property name="os.name" value="Linux" />
    <property name="ant.home" value="/usr/share/ant" />
    <property name="test.src.dir" value="/home/kux/workspace/practice-java/functiondrawer/test" />
    <property name="build.test.dir" value="/home/kux/workspace/practice-java/functiondrawer/build/test" />
    <property name="build.dir" value="/home/kux/workspace/practice-java/functiondrawer/build" />
    <property name="ant.project.name" value="Function Drawer" />
    <property name="sun.jnu.encoding" value="UTF-8" />
    <property name="java.library.path" value="/usr/lib/jvm/java-6-sun-1.6.0.14/jre/lib/i386/client:/usr/lib/jvm/java-6-sun-1.6.0.14/jre/lib/i386:/usr/lib/jvm/java-6-sun-1.6.0.14/jre/../lib/i386:/usr/java/packages/lib/i386:/lib:/usr/lib" />
    <property name="java.class.version" value="50.0" />
    <property name="java.specification.name" value="Java Platform API Specification" />
    <property name="lib.dir" value="/home/kux/workspace/practice-java/functiondrawer/lib" />
    <property name="sun.management.compiler" value="HotSpot Client Compiler" />
    <property name="os.version" value="2.6.28-14-generic" />
    <property name="ant.file" value="/home/kux/workspace/practice-java/functiondrawer/build.xml" />
    <property name="user.home" value="/home/kux" />
    <property name="user.timezone" value="" />
    <property name="java.awt.printerjob" value="sun.print.PSPrinterJob" />
    <property name="java.specification.version" value="1.6" />
    <property name="file.encoding" value="UTF-8" />
    <property name="java.class.path" value="/usr/share/ant/lib/ant-launcher.jar:/usr/share/java/xmlParserAPIs.jar:/usr/share/java/xercesImpl.jar:/usr/share/ant/lib/ant-apache-log4j.jar:/usr/share/ant/lib/ant-commons-net.jar:/usr/share/ant/lib/catalina5.5-ant-jmx.jar:/usr/share/ant/lib/catalina5.5-ant.jar:/usr/share/ant/lib/ant-jsch.jar:/usr/share/ant/lib/tomcat5.5-jkstatus-ant.jar:/usr/share/ant/lib/ant-apache-resolver.jar:/usr/share/ant/lib/ant-launcher.jar:/usr/share/ant/lib/ant-jmf.jar:/usr/share/ant/lib/ant-apache-oro.jar:/usr/share/ant/lib/ant-nodeps.jar:/usr/share/ant/lib/ant-apache-bcel.jar:/usr/share/ant/lib/ant-apache-bsf.jar:/usr/share/ant/lib/ant-trax.jar:/usr/share/ant/lib/bcel.jar:/usr/share/ant/lib/ant-javamail.jar:/usr/share/ant/lib/ant-jdepend.jar:/usr/share/ant/lib/jsch.jar:/usr/share/ant/lib/ant-commons-logging.jar:/usr/share/ant/lib/junit.jar:/usr/share/ant/lib/ant-antlr.jar:/usr/share/ant/lib/ant-junit.jar:/usr/share/ant/lib/ant-apache-regexp.jar:/usr/share/ant/lib/ant.jar:/usr/share/ant/lib/ant-swing.jar:/usr/lib/jvm/java-6-sun-1.6.0.14/lib/tools.jar" />
    <property name="user.name" value="kux" />
    <property name="java.vm.specification.version" value="1.0" />
    <property name="sun.arch.data.model" value="32" />
    <property name="java.home" value="/usr/lib/jvm/java-6-sun-1.6.0.14/jre" />
    <property name="java.specification.vendor" value="Sun Microsystems Inc." />
    <property name="user.language" value="en" />
    <property name="java.vm.info" value="mixed mode, sharing" />
    <property name="java.version" value="1.6.0_14" />
    <property name="java.ext.dirs" value="/usr/lib/jvm/java-6-sun-1.6.0.14/jre/lib/ext:/usr/java/packages/lib/ext" />
    <property name="sun.boot.class.path" value="/usr/lib/jvm/java-6-sun-1.6.0.14/jre/lib/resources.jar:/usr/lib/jvm/java-6-sun-1.6.0.14/jre/lib/rt.jar:/usr/lib/jvm/java-6-sun-1.6.0.14/jre/lib/sunrsasign.jar:/usr/lib/jvm/java-6-sun-1.6.0.14/jre/lib/jsse.jar:/usr/lib/jvm/java-6-sun-1.6.0.14/jre/lib/jce.jar:/usr/lib/jvm/java-6-sun-1.6.0.14/jre/lib/charsets.jar:/usr/lib/jvm/java-6-sun-1.6.0.14/jre/classes" />
    <property name="build.deploy.dir" value="/home/kux/workspace/practice-java/functiondrawer/build/deploy" />
    <property name="java.vendor" value="Sun Microsystems Inc." />
    <property name="build.fprod" value="/home/kux/workspace/practice-java/functiondrawer/build/deploy/fdrawer.jar" />
    <property name="file.separator" value="/" />
    <property name="etc.dir" value="/home/kux/workspace/practice-java/functiondrawer/etc" />
    <property name="src.dir" value="/home/kux/workspace/practice-java/functiondrawer/src" />
    <property name="build.class.dir" value="/home/kux/workspace/practice-java/functiondrawer/build/classes" />
    <property name="java.vendor.url.bug" value="http://java.sun.com/cgi-bin/bugreport.cgi" />
    <property name="sun.cpu.endian" value="little" />
    <property name="sun.io.unicode.encoding" value="UnicodeLittle" />
    <property name="sun.desktop" value="gnome" />
    <property name="sun.cpu.isalist" value="" />
  </properties>
  <testcase classname="parsertest.ParserTest" name="basicTest" time="0.094" />
  <testcase classname="parsertest.ParserTest" name="withFloat" time="0.0010" />
  <testcase classname="parsertest.ParserTest" name="withUnary" time="0.0" />
  <testcase classname="parsertest.ParserTest" name="unaryNoPar" time="0.0" />
  <testcase classname="parsertest.ParserTest" name="unaryMinus" time="0.0010" />
  <testcase classname="parsertest.ParserTest" name="unaryMinusNoPar" time="0.015" />
  <system-out><![CDATA[(/ (cos x) (cos (* 2 x)))
(+ (+ 1.3 (* 1.01 2)) (* a 3.3))
(+ (sin x) 1)
(+ 3 (* (sin 3) b))
(+ 5 (- 2))
(+ 5 (- 2))
]]></system-out>
  <system-err><![CDATA[]]></system-err>
</testsuite>
