<?xml version="1.0" encoding="UTF-8" ?>
<testsuite errors="0" failures="0" hostname="kux-desktop" name="model.NewModelTest" tests="1" time="0.069" timestamp="2009-08-22T23:48:45">
  <properties>
    <property name="java.vendor" value="Sun Microsystems Inc." />
    <property name="lib.dir" value="/home/kux/workspace/practice-java/functiondrawer/lib" />
    <property name="sun.java.launcher" value="SUN_STANDARD" />
    <property name="eclipse.pdebuild.templates" value="/home/kux/swtools/eclipse-jee/plugins/org.eclipse.pde.build_3.5.0.v20090527-1800/templates//" />
    <property name="sun.management.compiler" value="HotSpot Client Compiler" />
    <property name="os.name" value="Linux" />
    <property name="sun.boot.class.path" value="/usr/lib/jvm/java-6-sun-1.6.0.14/jre/lib/resources.jar:/usr/lib/jvm/java-6-sun-1.6.0.14/jre/lib/rt.jar:/usr/lib/jvm/java-6-sun-1.6.0.14/jre/lib/sunrsasign.jar:/usr/lib/jvm/java-6-sun-1.6.0.14/jre/lib/jsse.jar:/usr/lib/jvm/java-6-sun-1.6.0.14/jre/lib/jce.jar:/usr/lib/jvm/java-6-sun-1.6.0.14/jre/lib/charsets.jar:/usr/lib/jvm/java-6-sun-1.6.0.14/jre/classes" />
    <property name="sun.desktop" value="gnome" />
    <property name="java.vm.specification.vendor" value="Sun Microsystems Inc." />
    <property name="ant.home" value="/home/kux/swtools/eclipse-jee/plugins/org.apache.ant_1.7.1.v20090120-1145" />
    <property name="java.runtime.version" value="1.6.0_14-b08" />
    <property name="build.fprod" value="/home/kux/workspace/practice-java/functiondrawer/build/deploy/fdrawer.jar" />
    <property name="reports.tests" value="testresult" />
    <property name="user.name" value="kux" />
    <property name="ant.file.Function Drawer" value="/home/kux/workspace/practice-java/functiondrawer/build.xml" />
    <property name="build.dir" value="/home/kux/workspace/practice-java/functiondrawer/build" />
    <property name="user.language" value="en" />
    <property name="sun.boot.library.path" value="/usr/lib/jvm/java-6-sun-1.6.0.14/jre/lib/i386" />
    <property name="ant.project.name" value="Function Drawer" />
    <property name="java.version" value="1.6.0_14" />
    <property name="user.timezone" value="" />
    <property name="sun.arch.data.model" value="32" />
    <property name="test.src.dir" value="/home/kux/workspace/practice-java/functiondrawer/test" />
    <property name="java.endorsed.dirs" value="/usr/lib/jvm/java-6-sun-1.6.0.14/jre/lib/endorsed" />
    <property name="sun.cpu.isalist" value="" />
    <property name="sun.jnu.encoding" value="UTF-8" />
    <property name="file.encoding.pkg" value="sun.io" />
    <property name="file.separator" value="/" />
    <property name="java.specification.name" value="Java Platform API Specification" />
    <property name="java.class.version" value="50.0" />
    <property name="user.country" value="US" />
    <property name="java.home" value="/usr/lib/jvm/java-6-sun-1.6.0.14/jre" />
    <property name="java.vm.info" value="mixed mode, sharing" />
    <property name="ant.file" value="/home/kux/workspace/practice-java/functiondrawer/build.xml" />
    <property name="os.version" value="2.6.28-14-generic" />
    <property name="path.separator" value=":" />
    <property name="java.vm.version" value="14.0-b16" />
    <property name="ant.library.dir" value="/home/kux/swtools/eclipse-jee/plugins/org.apache.ant_1.7.1.v20090120-1145/lib" />
    <property name="java.awt.printerjob" value="sun.print.PSPrinterJob" />
    <property name="sun.io.unicode.encoding" value="UnicodeLittle" />
    <property name="eclipse.pdebuild.scripts" value="/home/kux/swtools/eclipse-jee/plugins/org.eclipse.pde.build_3.5.0.v20090527-1800/scripts//" />
    <property name="user.home" value="/home/kux" />
    <property name="eval.file" value="/home/kux/workspace/practice-java/functiondrawer/etc/Eval.g" />
    <property name="build.class.dir" value="/home/kux/workspace/practice-java/functiondrawer/build/classes" />
    <property name="java.specification.vendor" value="Sun Microsystems Inc." />
    <property name="java.library.path" value="/usr/lib/jvm/java-6-sun-1.6.0.14/jre/lib/i386/client:/usr/lib/jvm/java-6-sun-1.6.0.14/jre/lib/i386:/usr/lib/xulrunner-addons:/usr/lib/xulrunner-addons:/usr/java/packages/lib/i386:/lib:/usr/lib:/home/kux/swtools/eclipse-jee/configuration/org.eclipse.osgi/bundles/531/1/.cp" />
    <property name="java.vendor.url" value="http://java.sun.com/" />
    <property name="java.vm.vendor" value="Sun Microsystems Inc." />
    <property name="java.runtime.name" value="Java(TM) SE Runtime Environment" />
    <property name="java.class.path" value="/home/kux/swtools/eclipse-jee/plugins/org.apache.ant_1.7.1.v20090120-1145/lib/ant.jar:/home/kux/swtools/eclipse-jee/plugins/org.apache.ant_1.7.1.v20090120-1145/lib/ant-antlr.jar:/home/kux/swtools/eclipse-jee/plugins/org.apache.ant_1.7.1.v20090120-1145/lib/ant-apache-bcel.jar:/home/kux/swtools/eclipse-jee/plugins/org.apache.ant_1.7.1.v20090120-1145/lib/ant-apache-bsf.jar:/home/kux/swtools/eclipse-jee/plugins/org.apache.ant_1.7.1.v20090120-1145/lib/ant-apache-log4j.jar:/home/kux/swtools/eclipse-jee/plugins/org.apache.ant_1.7.1.v20090120-1145/lib/ant-apache-oro.jar:/home/kux/swtools/eclipse-jee/plugins/org.apache.ant_1.7.1.v20090120-1145/lib/ant-apache-regexp.jar:/home/kux/swtools/eclipse-jee/plugins/org.apache.ant_1.7.1.v20090120-1145/lib/ant-apache-resolver.jar:/home/kux/swtools/eclipse-jee/plugins/org.apache.ant_1.7.1.v20090120-1145/lib/ant-commons-logging.jar:/home/kux/swtools/eclipse-jee/plugins/org.apache.ant_1.7.1.v20090120-1145/lib/ant-commons-net.jar:/home/kux/swtools/eclipse-jee/plugins/org.apache.ant_1.7.1.v20090120-1145/lib/ant-jai.jar:/home/kux/swtools/eclipse-jee/plugins/org.apache.ant_1.7.1.v20090120-1145/lib/ant-javamail.jar:/home/kux/swtools/eclipse-jee/plugins/org.apache.ant_1.7.1.v20090120-1145/lib/ant-jdepend.jar:/home/kux/swtools/eclipse-jee/plugins/org.apache.ant_1.7.1.v20090120-1145/lib/ant-jmf.jar:/home/kux/swtools/eclipse-jee/plugins/org.apache.ant_1.7.1.v20090120-1145/lib/ant-jsch.jar:/home/kux/swtools/eclipse-jee/plugins/org.apache.ant_1.7.1.v20090120-1145/lib/ant-junit.jar:/home/kux/swtools/eclipse-jee/plugins/org.apache.ant_1.7.1.v20090120-1145/lib/ant-launcher.jar:/home/kux/swtools/eclipse-jee/plugins/org.apache.ant_1.7.1.v20090120-1145/lib/ant-netrexx.jar:/home/kux/swtools/eclipse-jee/plugins/org.apache.ant_1.7.1.v20090120-1145/lib/ant-nodeps.jar:/home/kux/swtools/eclipse-jee/plugins/org.apache.ant_1.7.1.v20090120-1145/lib/ant-starteam.jar:/home/kux/swtools/eclipse-jee/plugins/org.apache.ant_1.7.1.v20090120-1145/lib/ant-stylebook.jar:/home/kux/swtools/eclipse-jee/plugins/org.apache.ant_1.7.1.v20090120-1145/lib/ant-swing.jar:/home/kux/swtools/eclipse-jee/plugins/org.apache.ant_1.7.1.v20090120-1145/lib/ant-trax.jar:/home/kux/swtools/eclipse-jee/plugins/org.apache.ant_1.7.1.v20090120-1145/lib/ant-weblogic.jar:/home/kux/swtools/eclipse-jee/configuration/org.eclipse.osgi/bundles/47/1/.cp/lib/remoteAnt.jar:/usr/lib/jvm/java-6-sun-1.6.0.14/lib/tools.jar:/home/kux/swtools/eclipse-jee/plugins/org.eclipse.swt.gtk.linux.x86_3.5.0.v3550b.jar" />
    <property name="ant.version" value="Apache Ant version 1.7.1 compiled on June 27 2008" />
    <property name="java.vm.specification.name" value="Java Virtual Machine Specification" />
    <property name="java.vm.specification.version" value="1.0" />
    <property name="sun.cpu.endian" value="little" />
    <property name="sun.os.patch.level" value="unknown" />
    <property name="eclipse.pdebuild.home" value="/home/kux/swtools/eclipse-jee/plugins/org.eclipse.pde.build_3.5.0.v20090527-1800/.//" />
    <property name="java.io.tmpdir" value="/tmp" />
    <property name="java.vendor.url.bug" value="http://java.sun.com/cgi-bin/bugreport.cgi" />
    <property name="os.arch" value="i386" />
    <property name="java.awt.graphicsenv" value="sun.awt.X11GraphicsEnvironment" />
    <property name="build.deploy.dir" value="/home/kux/workspace/practice-java/functiondrawer/build/deploy" />
    <property name="etc.dir" value="/home/kux/workspace/practice-java/functiondrawer/etc" />
    <property name="java.ext.dirs" value="/usr/lib/jvm/java-6-sun-1.6.0.14/jre/lib/ext:/usr/java/packages/lib/ext" />
    <property name="user.dir" value="/home/kux/workspace/practice-java/functiondrawer" />
    <property name="build.test.dir" value="/home/kux/workspace/practice-java/functiondrawer/build/test" />
    <property name="line.separator" value="
" />
    <property name="java.vm.name" value="Java HotSpot(TM) Client VM" />
    <property name="basedir" value="/home/kux/workspace/practice-java/functiondrawer" />
    <property name="ant.java.version" value="1.6" />
    <property name="ant.core.lib" value="/home/kux/swtools/eclipse-jee/plugins/org.apache.ant_1.7.1.v20090120-1145/lib/ant.jar" />
    <property name="file.encoding" value="UTF-8" />
    <property name="java.specification.version" value="1.6" />
    <property name="src.dir" value="/home/kux/workspace/practice-java/functiondrawer/src" />
    <property name="grammar.file" value="/home/kux/workspace/practice-java/functiondrawer/etc/Expr.g" />
  </properties>
  <testcase classname="model.NewModelTest" name="design" time="0.064" />
  <system-out><![CDATA[(+ (+ x y) t)
]]></system-out>
  <system-err><![CDATA[]]></system-err>
</testsuite>
